0 info it worked if it ends with ok
1 verbose cli [ '/usr/local/node-v5.3.0-linux-x64/bin/node',
1 verbose cli   '/usr/bin/npm',
1 verbose cli   'install',
1 verbose cli   '-g',
1 verbose cli   'http-server' ]
2 info using npm@3.3.12
3 info using node@v5.3.0
4 silly loadCurrentTree Starting
5 silly install loadCurrentTree
6 silly install readGlobalPackageData
7 silly fetchPackageMetaData http-server
8 silly fetchNamedPackageData http-server
9 silly mapToRegistry name http-server
10 silly mapToRegistry using default registry
11 silly mapToRegistry registry https://registry.npmjs.org/
12 silly mapToRegistry uri https://registry.npmjs.org/http-server
13 verbose request uri https://registry.npmjs.org/http-server
14 verbose request no auth needed
15 info attempt registry request try #1 at 11:11:08 AM
16 verbose request id f48676ea45320916
17 verbose etag "67SUD6GTTV4JXZ5TYXE1003X0"
18 http request GET https://registry.npmjs.org/http-server
19 http 304 https://registry.npmjs.org/http-server
20 verbose headers { date: 'Tue, 12 Jan 2016 02:11:33 GMT',
20 verbose headers   via: '1.1 varnish',
20 verbose headers   'cache-control': 'max-age=300',
20 verbose headers   etag: '"67SUD6GTTV4JXZ5TYXE1003X0"',
20 verbose headers   age: '0',
20 verbose headers   connection: 'keep-alive',
20 verbose headers   'x-served-by': 'cache-nrt6121-NRT',
20 verbose headers   'x-cache': 'HIT',
20 verbose headers   'x-cache-hits': '1',
20 verbose headers   'x-timer': 'S1452564693.875214,VS0,VE532',
20 verbose headers   vary: 'Accept' }
21 silly get cb [ 304,
21 silly get   { date: 'Tue, 12 Jan 2016 02:11:33 GMT',
21 silly get     via: '1.1 varnish',
21 silly get     'cache-control': 'max-age=300',
21 silly get     etag: '"67SUD6GTTV4JXZ5TYXE1003X0"',
21 silly get     age: '0',
21 silly get     connection: 'keep-alive',
21 silly get     'x-served-by': 'cache-nrt6121-NRT',
21 silly get     'x-cache': 'HIT',
21 silly get     'x-cache-hits': '1',
21 silly get     'x-timer': 'S1452564693.875214,VS0,VE532',
21 silly get     vary: 'Accept' } ]
22 verbose etag https://registry.npmjs.org/http-server from cache
23 verbose get saving http-server to /home/lks21c/.npm/registry.npmjs.org/http-server/.cache.json
24 silly install normalizeTree
25 silly loadCurrentTree Finishing
26 silly loadIdealTree Starting
27 silly install loadIdealTree
28 silly cloneCurrentTree Starting
29 silly install cloneCurrentTreeToIdealTree
30 silly cloneCurrentTree Finishing
31 silly loadShrinkwrap Starting
32 silly install loadShrinkwrap
33 silly loadShrinkwrap Finishing
34 silly loadAllDepsIntoIdealTree Starting
35 silly install loadAllDepsIntoIdealTree
36 silly resolveWithNewModule http-server@0.8.5 checking installable status
37 silly cache add args [ 'http-server', null ]
38 verbose cache add spec http-server
39 silly cache add parsed spec Result {
39 silly cache add   raw: 'http-server',
39 silly cache add   scope: null,
39 silly cache add   name: 'http-server',
39 silly cache add   rawSpec: '',
39 silly cache add   spec: '*',
39 silly cache add   type: 'range' }
40 silly addNamed http-server@*
41 verbose addNamed "*" is a valid semver range for http-server
42 silly addNameRange { name: 'http-server', range: '*', hasData: false }
43 silly mapToRegistry name http-server
44 silly mapToRegistry using default registry
45 silly mapToRegistry registry https://registry.npmjs.org/
46 silly mapToRegistry uri https://registry.npmjs.org/http-server
47 verbose addNameRange registry:https://registry.npmjs.org/http-server not in flight; fetching
48 verbose get https://registry.npmjs.org/http-server not expired, no request
49 silly addNameRange number 2 { name: 'http-server', range: '*', hasData: true }
50 silly addNameRange versions [ 'http-server',
50 silly addNameRange   [ '0.1.0',
50 silly addNameRange     '0.1.1',
50 silly addNameRange     '0.1.3',
50 silly addNameRange     '0.2.1',
50 silly addNameRange     '0.2.2',
50 silly addNameRange     '0.2.3',
50 silly addNameRange     '0.2.4',
50 silly addNameRange     '0.2.5',
50 silly addNameRange     '0.2.6',
50 silly addNameRange     '0.2.9',
50 silly addNameRange     '0.3.0',
50 silly addNameRange     '0.4.0',
50 silly addNameRange     '0.4.1',
50 silly addNameRange     '0.5.0',
50 silly addNameRange     '0.5.1',
50 silly addNameRange     '0.5.2',
50 silly addNameRange     '0.5.3',
50 silly addNameRange     '0.5.5',
50 silly addNameRange     '0.6.0',
50 silly addNameRange     '0.6.1',
50 silly addNameRange     '0.7.0',
50 silly addNameRange     '0.7.1',
50 silly addNameRange     '0.7.2',
50 silly addNameRange     '0.7.3',
50 silly addNameRange     '0.7.4',
50 silly addNameRange     '0.7.5',
50 silly addNameRange     '0.8.0',
50 silly addNameRange     '0.8.1',
50 silly addNameRange     '0.8.2',
50 silly addNameRange     '0.8.3',
50 silly addNameRange     '0.8.4',
50 silly addNameRange     '0.8.5' ] ]
51 silly addNamed http-server@0.8.5
52 verbose addNamed "0.8.5" is a plain semver version for http-server
53 silly cache afterAdd http-server@0.8.5
54 verbose afterAdd /home/lks21c/.npm/http-server/0.8.5/package/package.json not in flight; writing
55 verbose afterAdd /home/lks21c/.npm/http-server/0.8.5/package/package.json written
56 silly fetchNamedPackageData colors
57 silly mapToRegistry name colors
58 silly mapToRegistry using default registry
59 silly mapToRegistry registry https://registry.npmjs.org/
60 silly mapToRegistry uri https://registry.npmjs.org/colors
61 silly fetchNamedPackageData optimist
62 silly mapToRegistry name optimist
63 silly mapToRegistry using default registry
64 silly mapToRegistry registry https://registry.npmjs.org/
65 silly mapToRegistry uri https://registry.npmjs.org/optimist
66 silly fetchNamedPackageData union
67 silly mapToRegistry name union
68 silly mapToRegistry using default registry
69 silly mapToRegistry registry https://registry.npmjs.org/
70 silly mapToRegistry uri https://registry.npmjs.org/union
71 silly fetchNamedPackageData ecstatic
72 silly mapToRegistry name ecstatic
73 silly mapToRegistry using default registry
74 silly mapToRegistry registry https://registry.npmjs.org/
75 silly mapToRegistry uri https://registry.npmjs.org/ecstatic
76 silly fetchNamedPackageData http-proxy
77 silly mapToRegistry name http-proxy
78 silly mapToRegistry using default registry
79 silly mapToRegistry registry https://registry.npmjs.org/
80 silly mapToRegistry uri https://registry.npmjs.org/http-proxy
81 silly fetchNamedPackageData portfinder
82 silly mapToRegistry name portfinder
83 silly mapToRegistry using default registry
84 silly mapToRegistry registry https://registry.npmjs.org/
85 silly mapToRegistry uri https://registry.npmjs.org/portfinder
86 silly fetchNamedPackageData opener
87 silly mapToRegistry name opener
88 silly mapToRegistry using default registry
89 silly mapToRegistry registry https://registry.npmjs.org/
90 silly mapToRegistry uri https://registry.npmjs.org/opener
91 silly fetchNamedPackageData corser
92 silly mapToRegistry name corser
93 silly mapToRegistry using default registry
94 silly mapToRegistry registry https://registry.npmjs.org/
95 silly mapToRegistry uri https://registry.npmjs.org/corser
96 verbose request uri https://registry.npmjs.org/optimist
97 verbose request no auth needed
98 info attempt registry request try #1 at 11:11:13 AM
99 verbose etag "EGJZ5OIEC5WVU3QA6H2WMCXJO"
100 http request GET https://registry.npmjs.org/optimist
101 verbose request uri https://registry.npmjs.org/union
102 verbose request no auth needed
103 info attempt registry request try #1 at 11:11:13 AM
104 verbose etag "CVJ4YJREGBVZEPY9WXDMRP5PL"
105 http request GET https://registry.npmjs.org/union
106 verbose request uri https://registry.npmjs.org/colors
107 verbose request no auth needed
108 info attempt registry request try #1 at 11:11:13 AM
109 verbose etag "B0ON5VB7F6FZEL0CETZ888CKP"
110 http request GET https://registry.npmjs.org/colors
111 verbose request uri https://registry.npmjs.org/ecstatic
112 verbose request no auth needed
113 info attempt registry request try #1 at 11:11:13 AM
114 verbose etag "1LYCT86OBEA6GSLK7IYV1UAND"
115 http request GET https://registry.npmjs.org/ecstatic
116 verbose request uri https://registry.npmjs.org/portfinder
117 verbose request no auth needed
118 info attempt registry request try #1 at 11:11:13 AM
119 verbose etag "AJYC2CJKICS3BSLCO1MKDZBR1"
120 http request GET https://registry.npmjs.org/portfinder
121 verbose request uri https://registry.npmjs.org/http-proxy
122 verbose request no auth needed
123 info attempt registry request try #1 at 11:11:13 AM
124 verbose etag "AKKTS7GAZKRHKFB43RKR78GYX"
125 http request GET https://registry.npmjs.org/http-proxy
126 verbose request uri https://registry.npmjs.org/opener
127 verbose request no auth needed
128 info attempt registry request try #1 at 11:11:13 AM
129 verbose etag "7HZCI075X75UH5FXW7TR2BIL1"
130 http request GET https://registry.npmjs.org/opener
131 verbose request uri https://registry.npmjs.org/corser
132 verbose request no auth needed
133 info attempt registry request try #1 at 11:11:13 AM
134 verbose etag "2RH28UBMJ5ERZ21YHHJR99K08"
135 http request GET https://registry.npmjs.org/corser
136 http 304 https://registry.npmjs.org/optimist
137 verbose headers { date: 'Tue, 12 Jan 2016 02:11:34 GMT',
137 verbose headers   via: '1.1 varnish',
137 verbose headers   'cache-control': 'max-age=300',
137 verbose headers   etag: '"EGJZ5OIEC5WVU3QA6H2WMCXJO"',
137 verbose headers   age: '158',
137 verbose headers   connection: 'keep-alive',
137 verbose headers   'x-served-by': 'cache-nrt6130-NRT',
137 verbose headers   'x-cache': 'HIT',
137 verbose headers   'x-cache-hits': '9',
137 verbose headers   'x-timer': 'S1452564694.775399,VS0,VE0',
137 verbose headers   vary: 'Accept' }
138 silly get cb [ 304,
138 silly get   { date: 'Tue, 12 Jan 2016 02:11:34 GMT',
138 silly get     via: '1.1 varnish',
138 silly get     'cache-control': 'max-age=300',
138 silly get     etag: '"EGJZ5OIEC5WVU3QA6H2WMCXJO"',
138 silly get     age: '158',
138 silly get     connection: 'keep-alive',
138 silly get     'x-served-by': 'cache-nrt6130-NRT',
138 silly get     'x-cache': 'HIT',
138 silly get     'x-cache-hits': '9',
138 silly get     'x-timer': 'S1452564694.775399,VS0,VE0',
138 silly get     vary: 'Accept' } ]
139 verbose etag https://registry.npmjs.org/optimist from cache
140 verbose get saving optimist to /home/lks21c/.npm/registry.npmjs.org/optimist/.cache.json
141 http 304 https://registry.npmjs.org/colors
142 verbose headers { date: 'Tue, 12 Jan 2016 02:11:34 GMT',
142 verbose headers   via: '1.1 varnish',
142 verbose headers   'cache-control': 'max-age=300',
142 verbose headers   etag: '"B0ON5VB7F6FZEL0CETZ888CKP"',
142 verbose headers   age: '168',
142 verbose headers   connection: 'keep-alive',
142 verbose headers   'x-served-by': 'cache-nrt6121-NRT',
142 verbose headers   'x-cache': 'HIT',
142 verbose headers   'x-cache-hits': '4',
142 verbose headers   'x-timer': 'S1452564694.780253,VS0,VE0',
142 verbose headers   vary: 'Accept' }
143 silly get cb [ 304,
143 silly get   { date: 'Tue, 12 Jan 2016 02:11:34 GMT',
143 silly get     via: '1.1 varnish',
143 silly get     'cache-control': 'max-age=300',
143 silly get     etag: '"B0ON5VB7F6FZEL0CETZ888CKP"',
143 silly get     age: '168',
143 silly get     connection: 'keep-alive',
143 silly get     'x-served-by': 'cache-nrt6121-NRT',
143 silly get     'x-cache': 'HIT',
143 silly get     'x-cache-hits': '4',
143 silly get     'x-timer': 'S1452564694.780253,VS0,VE0',
143 silly get     vary: 'Accept' } ]
144 verbose etag https://registry.npmjs.org/colors from cache
145 verbose get saving colors to /home/lks21c/.npm/registry.npmjs.org/colors/.cache.json
146 http 304 https://registry.npmjs.org/http-proxy
147 verbose headers { date: 'Tue, 12 Jan 2016 02:11:34 GMT',
147 verbose headers   via: '1.1 varnish',
147 verbose headers   'cache-control': 'max-age=300',
147 verbose headers   etag: '"AKKTS7GAZKRHKFB43RKR78GYX"',
147 verbose headers   age: '138',
147 verbose headers   connection: 'keep-alive',
147 verbose headers   'x-served-by': 'cache-nrt6130-NRT',
147 verbose headers   'x-cache': 'HIT',
147 verbose headers   'x-cache-hits': '2',
147 verbose headers   'x-timer': 'S1452564694.776494,VS0,VE0',
147 verbose headers   vary: 'Accept' }
148 silly get cb [ 304,
148 silly get   { date: 'Tue, 12 Jan 2016 02:11:34 GMT',
148 silly get     via: '1.1 varnish',
148 silly get     'cache-control': 'max-age=300',
148 silly get     etag: '"AKKTS7GAZKRHKFB43RKR78GYX"',
148 silly get     age: '138',
148 silly get     connection: 'keep-alive',
148 silly get     'x-served-by': 'cache-nrt6130-NRT',
148 silly get     'x-cache': 'HIT',
148 silly get     'x-cache-hits': '2',
148 silly get     'x-timer': 'S1452564694.776494,VS0,VE0',
148 silly get     vary: 'Accept' } ]
149 verbose etag https://registry.npmjs.org/http-proxy from cache
150 verbose get saving http-proxy to /home/lks21c/.npm/registry.npmjs.org/http-proxy/.cache.json
151 http 304 https://registry.npmjs.org/opener
152 verbose headers { date: 'Tue, 12 Jan 2016 02:11:34 GMT',
152 verbose headers   via: '1.1 varnish',
152 verbose headers   'cache-control': 'max-age=300',
152 verbose headers   etag: '"7HZCI075X75UH5FXW7TR2BIL1"',
152 verbose headers   age: '265',
152 verbose headers   connection: 'keep-alive',
152 verbose headers   'x-served-by': 'cache-nrt6128-NRT',
152 verbose headers   'x-cache': 'HIT',
152 verbose headers   'x-cache-hits': '2',
152 verbose headers   'x-timer': 'S1452564694.776830,VS0,VE0',
152 verbose headers   vary: 'Accept' }
153 silly get cb [ 304,
153 silly get   { date: 'Tue, 12 Jan 2016 02:11:34 GMT',
153 silly get     via: '1.1 varnish',
153 silly get     'cache-control': 'max-age=300',
153 silly get     etag: '"7HZCI075X75UH5FXW7TR2BIL1"',
153 silly get     age: '265',
153 silly get     connection: 'keep-alive',
153 silly get     'x-served-by': 'cache-nrt6128-NRT',
153 silly get     'x-cache': 'HIT',
153 silly get     'x-cache-hits': '2',
153 silly get     'x-timer': 'S1452564694.776830,VS0,VE0',
153 silly get     vary: 'Accept' } ]
154 verbose etag https://registry.npmjs.org/opener from cache
155 verbose get saving opener to /home/lks21c/.npm/registry.npmjs.org/opener/.cache.json
156 silly resolveWithNewModule colors@1.0.3 checking installable status
157 silly cache add args [ 'colors@1.0.3', null ]
158 verbose cache add spec colors@1.0.3
159 silly cache add parsed spec Result {
159 silly cache add   raw: 'colors@1.0.3',
159 silly cache add   scope: null,
159 silly cache add   name: 'colors',
159 silly cache add   rawSpec: '1.0.3',
159 silly cache add   spec: '1.0.3',
159 silly cache add   type: 'version' }
160 silly addNamed colors@1.0.3
161 verbose addNamed "1.0.3" is a plain semver version for colors
162 silly mapToRegistry name colors
163 silly mapToRegistry using default registry
164 silly mapToRegistry registry https://registry.npmjs.org/
165 silly mapToRegistry uri https://registry.npmjs.org/colors
166 verbose addNameVersion registry:https://registry.npmjs.org/colors not in flight; fetching
167 silly resolveWithNewModule opener@1.4.1 checking installable status
168 silly cache add args [ 'opener@~1.4.0', null ]
169 verbose cache add spec opener@~1.4.0
170 silly cache add parsed spec Result {
170 silly cache add   raw: 'opener@~1.4.0',
170 silly cache add   scope: null,
170 silly cache add   name: 'opener',
170 silly cache add   rawSpec: '~1.4.0',
170 silly cache add   spec: '>=1.4.0 <1.5.0',
170 silly cache add   type: 'range' }
171 silly addNamed opener@>=1.4.0 <1.5.0
172 verbose addNamed ">=1.4.0 <1.5.0" is a valid semver range for opener
173 silly addNameRange { name: 'opener', range: '>=1.4.0 <1.5.0', hasData: false }
174 silly mapToRegistry name opener
175 silly mapToRegistry using default registry
176 silly mapToRegistry registry https://registry.npmjs.org/
177 silly mapToRegistry uri https://registry.npmjs.org/opener
178 verbose addNameRange registry:https://registry.npmjs.org/opener not in flight; fetching
179 silly resolveWithNewModule optimist@0.6.1 checking installable status
180 silly cache add args [ 'optimist@0.6.x', null ]
181 verbose cache add spec optimist@0.6.x
182 silly cache add parsed spec Result {
182 silly cache add   raw: 'optimist@0.6.x',
182 silly cache add   scope: null,
182 silly cache add   name: 'optimist',
182 silly cache add   rawSpec: '0.6.x',
182 silly cache add   spec: '>=0.6.0 <0.7.0',
182 silly cache add   type: 'range' }
183 silly addNamed optimist@>=0.6.0 <0.7.0
184 verbose addNamed ">=0.6.0 <0.7.0" is a valid semver range for optimist
185 silly addNameRange { name: 'optimist', range: '>=0.6.0 <0.7.0', hasData: false }
186 silly mapToRegistry name optimist
187 silly mapToRegistry using default registry
188 silly mapToRegistry registry https://registry.npmjs.org/
189 silly mapToRegistry uri https://registry.npmjs.org/optimist
190 verbose addNameRange registry:https://registry.npmjs.org/optimist not in flight; fetching
191 silly resolveWithNewModule http-proxy@1.12.0 checking installable status
192 silly cache add args [ 'http-proxy@^1.8.1', null ]
193 verbose cache add spec http-proxy@^1.8.1
194 silly cache add parsed spec Result {
194 silly cache add   raw: 'http-proxy@^1.8.1',
194 silly cache add   scope: null,
194 silly cache add   name: 'http-proxy',
194 silly cache add   rawSpec: '^1.8.1',
194 silly cache add   spec: '>=1.8.1 <2.0.0',
194 silly cache add   type: 'range' }
195 silly addNamed http-proxy@>=1.8.1 <2.0.0
196 verbose addNamed ">=1.8.1 <2.0.0" is a valid semver range for http-proxy
197 silly addNameRange { name: 'http-proxy', range: '>=1.8.1 <2.0.0', hasData: false }
198 silly mapToRegistry name http-proxy
199 silly mapToRegistry using default registry
200 silly mapToRegistry registry https://registry.npmjs.org/
201 silly mapToRegistry uri https://registry.npmjs.org/http-proxy
202 verbose addNameRange registry:https://registry.npmjs.org/http-proxy not in flight; fetching
203 verbose get https://registry.npmjs.org/colors not expired, no request
204 verbose get https://registry.npmjs.org/opener not expired, no request
205 silly addNameRange number 2 { name: 'opener', range: '>=1.4.0 <1.5.0', hasData: true }
206 silly addNameRange versions [ 'opener',
206 silly addNameRange   [ '1.0.0', '1.0.1', '1.1.0', '1.2.0', '1.3.0', '1.4.0', '1.4.1' ] ]
207 silly addNamed opener@1.4.1
208 verbose addNamed "1.4.1" is a plain semver version for opener
209 verbose get https://registry.npmjs.org/optimist not expired, no request
210 silly addNameRange number 2 { name: 'optimist', range: '>=0.6.0 <0.7.0', hasData: true }
211 silly addNameRange versions [ 'optimist',
211 silly addNameRange   [ '0.0.1',
211 silly addNameRange     '0.0.2',
211 silly addNameRange     '0.0.4',
211 silly addNameRange     '0.0.5',
211 silly addNameRange     '0.0.6',
211 silly addNameRange     '0.0.7',
211 silly addNameRange     '0.1.0',
211 silly addNameRange     '0.1.1',
211 silly addNameRange     '0.1.2',
211 silly addNameRange     '0.1.3',
211 silly addNameRange     '0.1.4',
211 silly addNameRange     '0.1.5',
211 silly addNameRange     '0.1.6',
211 silly addNameRange     '0.1.7',
211 silly addNameRange     '0.1.8',
211 silly addNameRange     '0.1.9',
211 silly addNameRange     '0.0.3',
211 silly addNameRange     '0.2.0',
211 silly addNameRange     '0.2.1',
211 silly addNameRange     '0.2.2',
211 silly addNameRange     '0.2.3',
211 silly addNameRange     '0.2.4',
211 silly addNameRange     '0.2.5',
211 silly addNameRange     '0.2.6',
211 silly addNameRange     '0.2.7',
211 silly addNameRange     '0.2.8',
211 silly addNameRange     '0.3.0',
211 silly addNameRange     '0.3.1',
211 silly addNameRange     '0.3.3',
211 silly addNameRange     '0.3.4',
211 silly addNameRange     '0.3.5',
211 silly addNameRange     '0.3.6',
211 silly addNameRange     '0.3.7',
211 silly addNameRange     '0.4.0',
211 silly addNameRange     '0.5.0',
211 silly addNameRange     '0.5.1',
211 silly addNameRange     '0.5.2',
211 silly addNameRange     '0.6.0',
211 silly addNameRange     '0.6.1' ] ]
212 silly addNamed optimist@0.6.1
213 verbose addNamed "0.6.1" is a plain semver version for optimist
214 verbose get https://registry.npmjs.org/http-proxy not expired, no request
215 silly addNameRange number 2 { name: 'http-proxy', range: '>=1.8.1 <2.0.0', hasData: true }
216 silly addNameRange versions [ 'http-proxy',
216 silly addNameRange   [ '0.5.9',
216 silly addNameRange     '0.5.10',
216 silly addNameRange     '0.5.11',
216 silly addNameRange     '0.6.0',
216 silly addNameRange     '0.6.1',
216 silly addNameRange     '0.6.2',
216 silly addNameRange     '0.6.4',
216 silly addNameRange     '0.6.5',
216 silly addNameRange     '0.6.6',
216 silly addNameRange     '0.7.0',
216 silly addNameRange     '0.7.2',
216 silly addNameRange     '0.7.3',
216 silly addNameRange     '0.7.4',
216 silly addNameRange     '0.7.5',
216 silly addNameRange     '0.7.6',
216 silly addNameRange     '0.8.0',
216 silly addNameRange     '0.8.1',
216 silly addNameRange     '0.8.2',
216 silly addNameRange     '0.8.3',
216 silly addNameRange     '0.8.4',
216 silly addNameRange     '0.8.5',
216 silly addNameRange     '0.8.6',
216 silly addNameRange     '0.8.7',
216 silly addNameRange     '0.9.0',
216 silly addNameRange     '0.9.1',
216 silly addNameRange     '0.10.0',
216 silly addNameRange     '0.10.1',
216 silly addNameRange     '0.10.2',
216 silly addNameRange     '0.10.3',
216 silly addNameRange     '0.10.4',
216 silly addNameRange     '1.0.0',
216 silly addNameRange     '1.0.1',
216 silly addNameRange     '1.0.2',
216 silly addNameRange     '1.0.3',
216 silly addNameRange     '1.1.0',
216 silly addNameRange     '1.1.1',
216 silly addNameRange     '1.1.2',
216 silly addNameRange     '1.1.3',
216 silly addNameRange     '1.1.4',
216 silly addNameRange     '1.1.5',
216 silly addNameRange     '1.1.6',
216 silly addNameRange     '1.2.0',
216 silly addNameRange     '1.2.1',
216 silly addNameRange     '1.3.0',
216 silly addNameRange     '1.4.0',
216 silly addNameRange     '1.4.1',
216 silly addNameRange     '1.4.2',
216 silly addNameRange     '1.4.3',
216 silly addNameRange     '1.5.0',
216 silly addNameRange     '1.5.1',
216 silly addNameRange     '1.5.2',
216 silly addNameRange     '1.5.3',
216 silly addNameRange     '1.6.0',
216 silly addNameRange     '1.6.1',
216 silly addNameRange     '1.6.2',
216 silly addNameRange     '1.7.0',
216 silly addNameRange     '1.7.1',
216 silly addNameRange     '1.7.2',
216 silly addNameRange     '1.7.3',
216 silly addNameRange     '1.8.0',
216 silly addNameRange     '1.8.1',
216 silly addNameRange     '1.9.0',
216 silly addNameRange     '1.9.1',
216 silly addNameRange     '1.10.0',
216 silly addNameRange     '1.10.1',
216 silly addNameRange     '1.11.0',
216 silly addNameRange     '1.11.1',
216 silly addNameRange     '1.11.2',
216 silly addNameRange     '1.11.3',
216 silly addNameRange     '1.12.0' ] ]
217 silly addNamed http-proxy@1.12.0
218 verbose addNamed "1.12.0" is a plain semver version for http-proxy
219 silly cache afterAdd colors@1.0.3
220 verbose afterAdd /home/lks21c/.npm/colors/1.0.3/package/package.json not in flight; writing
221 silly cache afterAdd optimist@0.6.1
222 verbose afterAdd /home/lks21c/.npm/optimist/0.6.1/package/package.json not in flight; writing
223 silly cache afterAdd http-proxy@1.12.0
224 verbose afterAdd /home/lks21c/.npm/http-proxy/1.12.0/package/package.json not in flight; writing
225 silly cache afterAdd opener@1.4.1
226 verbose afterAdd /home/lks21c/.npm/opener/1.4.1/package/package.json not in flight; writing
227 verbose afterAdd /home/lks21c/.npm/colors/1.0.3/package/package.json written
228 verbose afterAdd /home/lks21c/.npm/optimist/0.6.1/package/package.json written
229 verbose afterAdd /home/lks21c/.npm/http-proxy/1.12.0/package/package.json written
230 verbose afterAdd /home/lks21c/.npm/opener/1.4.1/package/package.json written
231 http 304 https://registry.npmjs.org/portfinder
232 verbose headers { date: 'Tue, 12 Jan 2016 02:11:34 GMT',
232 verbose headers   via: '1.1 varnish',
232 verbose headers   'cache-control': 'max-age=300',
232 verbose headers   etag: '"AJYC2CJKICS3BSLCO1MKDZBR1"',
232 verbose headers   age: '0',
232 verbose headers   connection: 'keep-alive',
232 verbose headers   'x-served-by': 'cache-nrt6127-NRT',
232 verbose headers   'x-cache': 'HIT',
232 verbose headers   'x-cache-hits': '1',
232 verbose headers   'x-timer': 'S1452564694.777414,VS0,VE141',
232 verbose headers   vary: 'Accept' }
233 silly get cb [ 304,
233 silly get   { date: 'Tue, 12 Jan 2016 02:11:34 GMT',
233 silly get     via: '1.1 varnish',
233 silly get     'cache-control': 'max-age=300',
233 silly get     etag: '"AJYC2CJKICS3BSLCO1MKDZBR1"',
233 silly get     age: '0',
233 silly get     connection: 'keep-alive',
233 silly get     'x-served-by': 'cache-nrt6127-NRT',
233 silly get     'x-cache': 'HIT',
233 silly get     'x-cache-hits': '1',
233 silly get     'x-timer': 'S1452564694.777414,VS0,VE141',
233 silly get     vary: 'Accept' } ]
234 verbose etag https://registry.npmjs.org/portfinder from cache
235 verbose get saving portfinder to /home/lks21c/.npm/registry.npmjs.org/portfinder/.cache.json
236 silly resolveWithNewModule portfinder@0.4.0 checking installable status
237 silly cache add args [ 'portfinder@0.4.x', null ]
238 verbose cache add spec portfinder@0.4.x
239 silly cache add parsed spec Result {
239 silly cache add   raw: 'portfinder@0.4.x',
239 silly cache add   scope: null,
239 silly cache add   name: 'portfinder',
239 silly cache add   rawSpec: '0.4.x',
239 silly cache add   spec: '>=0.4.0 <0.5.0',
239 silly cache add   type: 'range' }
240 silly addNamed portfinder@>=0.4.0 <0.5.0
241 verbose addNamed ">=0.4.0 <0.5.0" is a valid semver range for portfinder
242 silly addNameRange { name: 'portfinder', range: '>=0.4.0 <0.5.0', hasData: false }
243 silly mapToRegistry name portfinder
244 silly mapToRegistry using default registry
245 silly mapToRegistry registry https://registry.npmjs.org/
246 silly mapToRegistry uri https://registry.npmjs.org/portfinder
247 verbose addNameRange registry:https://registry.npmjs.org/portfinder not in flight; fetching
248 verbose get https://registry.npmjs.org/portfinder not expired, no request
249 silly addNameRange number 2 { name: 'portfinder', range: '>=0.4.0 <0.5.0', hasData: true }
250 silly addNameRange versions [ 'portfinder',
250 silly addNameRange   [ '0.1.0', '0.2.0', '0.2.1', '0.3.0', '0.4.0' ] ]
251 silly addNamed portfinder@0.4.0
252 verbose addNamed "0.4.0" is a plain semver version for portfinder
253 silly cache afterAdd portfinder@0.4.0
254 verbose afterAdd /home/lks21c/.npm/portfinder/0.4.0/package/package.json not in flight; writing
255 verbose afterAdd /home/lks21c/.npm/portfinder/0.4.0/package/package.json written
256 http 304 https://registry.npmjs.org/ecstatic
257 verbose headers { date: 'Tue, 12 Jan 2016 02:11:34 GMT',
257 verbose headers   via: '1.1 varnish',
257 verbose headers   'cache-control': 'max-age=300',
257 verbose headers   etag: '"1LYCT86OBEA6GSLK7IYV1UAND"',
257 verbose headers   age: '0',
257 verbose headers   connection: 'keep-alive',
257 verbose headers   'x-served-by': 'cache-nrt6125-NRT',
257 verbose headers   'x-cache': 'HIT',
257 verbose headers   'x-cache-hits': '1',
257 verbose headers   'x-timer': 'S1452564694.781440,VS0,VE172',
257 verbose headers   vary: 'Accept' }
258 silly get cb [ 304,
258 silly get   { date: 'Tue, 12 Jan 2016 02:11:34 GMT',
258 silly get     via: '1.1 varnish',
258 silly get     'cache-control': 'max-age=300',
258 silly get     etag: '"1LYCT86OBEA6GSLK7IYV1UAND"',
258 silly get     age: '0',
258 silly get     connection: 'keep-alive',
258 silly get     'x-served-by': 'cache-nrt6125-NRT',
258 silly get     'x-cache': 'HIT',
258 silly get     'x-cache-hits': '1',
258 silly get     'x-timer': 'S1452564694.781440,VS0,VE172',
258 silly get     vary: 'Accept' } ]
259 verbose etag https://registry.npmjs.org/ecstatic from cache
260 verbose get saving ecstatic to /home/lks21c/.npm/registry.npmjs.org/ecstatic/.cache.json
261 silly resolveWithNewModule ecstatic@0.7.6 checking installable status
262 silly cache add args [ 'ecstatic@~0.7.0', null ]
263 verbose cache add spec ecstatic@~0.7.0
264 silly cache add parsed spec Result {
264 silly cache add   raw: 'ecstatic@~0.7.0',
264 silly cache add   scope: null,
264 silly cache add   name: 'ecstatic',
264 silly cache add   rawSpec: '~0.7.0',
264 silly cache add   spec: '>=0.7.0 <0.8.0',
264 silly cache add   type: 'range' }
265 silly addNamed ecstatic@>=0.7.0 <0.8.0
266 verbose addNamed ">=0.7.0 <0.8.0" is a valid semver range for ecstatic
267 silly addNameRange { name: 'ecstatic', range: '>=0.7.0 <0.8.0', hasData: false }
268 silly mapToRegistry name ecstatic
269 silly mapToRegistry using default registry
270 silly mapToRegistry registry https://registry.npmjs.org/
271 silly mapToRegistry uri https://registry.npmjs.org/ecstatic
272 verbose addNameRange registry:https://registry.npmjs.org/ecstatic not in flight; fetching
273 verbose get https://registry.npmjs.org/ecstatic not expired, no request
274 silly addNameRange number 2 { name: 'ecstatic', range: '>=0.7.0 <0.8.0', hasData: true }
275 silly addNameRange versions [ 'ecstatic',
275 silly addNameRange   [ '0.0.0',
275 silly addNameRange     '0.0.1',
275 silly addNameRange     '0.1.0',
275 silly addNameRange     '0.1.1',
275 silly addNameRange     '0.1.1-1',
275 silly addNameRange     '0.1.2',
275 silly addNameRange     '0.1.2-1',
275 silly addNameRange     '0.1.4',
275 silly addNameRange     '0.1.5',
275 silly addNameRange     '0.1.6',
275 silly addNameRange     '0.1.7',
275 silly addNameRange     '0.3.0',
275 silly addNameRange     '0.3.1',
275 silly addNameRange     '0.3.2',
275 silly addNameRange     '0.4.0',
275 silly addNameRange     '0.4.1',
275 silly addNameRange     '0.4.2',
275 silly addNameRange     '0.4.3',
275 silly addNameRange     '0.4.4',
275 silly addNameRange     '0.4.5',
275 silly addNameRange     '0.4.6',
275 silly addNameRange     '0.4.7',
275 silly addNameRange     '0.4.8',
275 silly addNameRange     '0.4.9',
275 silly addNameRange     '0.4.10',
275 silly addNameRange     '0.4.11',
275 silly addNameRange     '0.4.12',
275 silly addNameRange     '0.4.13',
275 silly addNameRange     '0.5.0',
275 silly addNameRange     '0.5.1',
275 silly addNameRange     '0.5.2',
275 silly addNameRange     '0.5.3',
275 silly addNameRange     '0.5.4',
275 silly addNameRange     '0.5.5',
275 silly addNameRange     '0.5.6',
275 silly addNameRange     '0.5.7',
275 silly addNameRange     '0.5.8',
275 silly addNameRange     '0.6.0',
275 silly addNameRange     '0.6.1',
275 silly addNameRange     '0.7.0',
275 silly addNameRange     '0.7.1',
275 silly addNameRange     '0.7.2',
275 silly addNameRange     '0.7.3',
275 silly addNameRange     '0.7.4',
275 silly addNameRange     '0.7.5',
275 silly addNameRange     '0.7.6',
275 silly addNameRange     '0.8.0',
275 silly addNameRange     '1.0.0',
275 silly addNameRange     '1.0.1',
275 silly addNameRange     '1.1.0',
275 silly addNameRange     '1.1.1',
275 silly addNameRange     '1.1.2',
275 silly addNameRange     '1.1.3',
275 silly addNameRange     '1.2.0',
275 silly addNameRange     '1.3.0',
275 silly addNameRange     '1.3.1',
275 silly addNameRange     '1.4.0' ] ]
276 silly addNamed ecstatic@0.7.6
277 verbose addNamed "0.7.6" is a plain semver version for ecstatic
278 http 304 https://registry.npmjs.org/union
279 verbose headers { date: 'Tue, 12 Jan 2016 02:11:34 GMT',
279 verbose headers   via: '1.1 varnish',
279 verbose headers   'cache-control': 'max-age=300',
279 verbose headers   etag: '"CVJ4YJREGBVZEPY9WXDMRP5PL"',
279 verbose headers   age: '0',
279 verbose headers   connection: 'keep-alive',
279 verbose headers   'x-served-by': 'cache-nrt6134-NRT',
279 verbose headers   'x-cache': 'HIT',
279 verbose headers   'x-cache-hits': '1',
279 verbose headers   'x-timer': 'S1452564694.775352,VS0,VE185',
279 verbose headers   vary: 'Accept' }
280 silly get cb [ 304,
280 silly get   { date: 'Tue, 12 Jan 2016 02:11:34 GMT',
280 silly get     via: '1.1 varnish',
280 silly get     'cache-control': 'max-age=300',
280 silly get     etag: '"CVJ4YJREGBVZEPY9WXDMRP5PL"',
280 silly get     age: '0',
280 silly get     connection: 'keep-alive',
280 silly get     'x-served-by': 'cache-nrt6134-NRT',
280 silly get     'x-cache': 'HIT',
280 silly get     'x-cache-hits': '1',
280 silly get     'x-timer': 'S1452564694.775352,VS0,VE185',
280 silly get     vary: 'Accept' } ]
281 verbose etag https://registry.npmjs.org/union from cache
282 verbose get saving union to /home/lks21c/.npm/registry.npmjs.org/union/.cache.json
283 silly cache afterAdd ecstatic@0.7.6
284 verbose afterAdd /home/lks21c/.npm/ecstatic/0.7.6/package/package.json not in flight; writing
285 silly resolveWithNewModule union@0.4.4 checking installable status
286 silly cache add args [ 'union@~0.4.3', null ]
287 verbose cache add spec union@~0.4.3
288 silly cache add parsed spec Result {
288 silly cache add   raw: 'union@~0.4.3',
288 silly cache add   scope: null,
288 silly cache add   name: 'union',
288 silly cache add   rawSpec: '~0.4.3',
288 silly cache add   spec: '>=0.4.3 <0.5.0',
288 silly cache add   type: 'range' }
289 silly addNamed union@>=0.4.3 <0.5.0
290 verbose addNamed ">=0.4.3 <0.5.0" is a valid semver range for union
291 silly addNameRange { name: 'union', range: '>=0.4.3 <0.5.0', hasData: false }
292 silly mapToRegistry name union
293 silly mapToRegistry using default registry
294 silly mapToRegistry registry https://registry.npmjs.org/
295 silly mapToRegistry uri https://registry.npmjs.org/union
296 verbose addNameRange registry:https://registry.npmjs.org/union not in flight; fetching
297 verbose afterAdd /home/lks21c/.npm/ecstatic/0.7.6/package/package.json written
298 verbose get https://registry.npmjs.org/union not expired, no request
299 silly addNameRange number 2 { name: 'union', range: '>=0.4.3 <0.5.0', hasData: true }
300 silly addNameRange versions [ 'union',
300 silly addNameRange   [ '0.1.0',
300 silly addNameRange     '0.1.2',
300 silly addNameRange     '0.1.3',
300 silly addNameRange     '0.1.4',
300 silly addNameRange     '0.1.5',
300 silly addNameRange     '0.1.6',
300 silly addNameRange     '0.1.7',
300 silly addNameRange     '0.1.8',
300 silly addNameRange     '0.2.0',
300 silly addNameRange     '0.2.1',
300 silly addNameRange     '0.3.0',
300 silly addNameRange     '0.3.2',
300 silly addNameRange     '0.3.3',
300 silly addNameRange     '0.3.4',
300 silly addNameRange     '0.3.5',
300 silly addNameRange     '0.3.6',
300 silly addNameRange     '0.3.7',
300 silly addNameRange     '0.3.8',
300 silly addNameRange     '0.4.0',
300 silly addNameRange     '0.4.1',
300 silly addNameRange     '0.4.2',
300 silly addNameRange     '0.4.3',
300 silly addNameRange     '0.4.4' ] ]
301 silly addNamed union@0.4.4
302 verbose addNamed "0.4.4" is a plain semver version for union
303 silly cache afterAdd union@0.4.4
304 verbose afterAdd /home/lks21c/.npm/union/0.4.4/package/package.json not in flight; writing
305 verbose afterAdd /home/lks21c/.npm/union/0.4.4/package/package.json written
306 http 304 https://registry.npmjs.org/corser
307 verbose headers { date: 'Tue, 12 Jan 2016 02:11:34 GMT',
307 verbose headers   via: '1.1 varnish',
307 verbose headers   'cache-control': 'max-age=300',
307 verbose headers   etag: '"2RH28UBMJ5ERZ21YHHJR99K08"',
307 verbose headers   age: '0',
307 verbose headers   connection: 'keep-alive',
307 verbose headers   'x-served-by': 'cache-nrt6130-NRT',
307 verbose headers   'x-cache': 'HIT',
307 verbose headers   'x-cache-hits': '1',
307 verbose headers   'x-timer': 'S1452564694.780622,VS0,VE721',
307 verbose headers   vary: 'Accept' }
308 silly get cb [ 304,
308 silly get   { date: 'Tue, 12 Jan 2016 02:11:34 GMT',
308 silly get     via: '1.1 varnish',
308 silly get     'cache-control': 'max-age=300',
308 silly get     etag: '"2RH28UBMJ5ERZ21YHHJR99K08"',
308 silly get     age: '0',
308 silly get     connection: 'keep-alive',
308 silly get     'x-served-by': 'cache-nrt6130-NRT',
308 silly get     'x-cache': 'HIT',
308 silly get     'x-cache-hits': '1',
308 silly get     'x-timer': 'S1452564694.780622,VS0,VE721',
308 silly get     vary: 'Accept' } ]
309 verbose etag https://registry.npmjs.org/corser from cache
310 verbose get saving corser to /home/lks21c/.npm/registry.npmjs.org/corser/.cache.json
311 silly resolveWithNewModule corser@2.0.0 checking installable status
312 silly cache add args [ 'corser@~2.0.0', null ]
313 verbose cache add spec corser@~2.0.0
314 silly cache add parsed spec Result {
314 silly cache add   raw: 'corser@~2.0.0',
314 silly cache add   scope: null,
314 silly cache add   name: 'corser',
314 silly cache add   rawSpec: '~2.0.0',
314 silly cache add   spec: '>=2.0.0 <2.1.0',
314 silly cache add   type: 'range' }
315 silly addNamed corser@>=2.0.0 <2.1.0
316 verbose addNamed ">=2.0.0 <2.1.0" is a valid semver range for corser
317 silly addNameRange { name: 'corser', range: '>=2.0.0 <2.1.0', hasData: false }
318 silly mapToRegistry name corser
319 silly mapToRegistry using default registry
320 silly mapToRegistry registry https://registry.npmjs.org/
321 silly mapToRegistry uri https://registry.npmjs.org/corser
322 verbose addNameRange registry:https://registry.npmjs.org/corser not in flight; fetching
323 verbose get https://registry.npmjs.org/corser not expired, no request
324 silly addNameRange number 2 { name: 'corser', range: '>=2.0.0 <2.1.0', hasData: true }
325 silly addNameRange versions [ 'corser',
325 silly addNameRange   [ '0.1.0',
325 silly addNameRange     '0.2.0',
325 silly addNameRange     '1.0.0',
325 silly addNameRange     '1.0.1',
325 silly addNameRange     '1.0.2',
325 silly addNameRange     '1.1.0',
325 silly addNameRange     '1.1.1',
325 silly addNameRange     '1.1.2',
325 silly addNameRange     '1.2.0',
325 silly addNameRange     '2.0.0' ] ]
326 silly addNamed corser@2.0.0
327 verbose addNamed "2.0.0" is a plain semver version for corser
328 silly cache afterAdd corser@2.0.0
329 verbose afterAdd /home/lks21c/.npm/corser/2.0.0/package/package.json not in flight; writing
330 verbose afterAdd /home/lks21c/.npm/corser/2.0.0/package/package.json written
331 silly fetchNamedPackageData he
332 silly mapToRegistry name he
333 silly mapToRegistry using default registry
334 silly mapToRegistry registry https://registry.npmjs.org/
335 silly mapToRegistry uri https://registry.npmjs.org/he
336 silly fetchNamedPackageData mime
337 silly mapToRegistry name mime
338 silly mapToRegistry using default registry
339 silly mapToRegistry registry https://registry.npmjs.org/
340 silly mapToRegistry uri https://registry.npmjs.org/mime
341 silly fetchNamedPackageData minimist
342 silly mapToRegistry name minimist
343 silly mapToRegistry using default registry
344 silly mapToRegistry registry https://registry.npmjs.org/
345 silly mapToRegistry uri https://registry.npmjs.org/minimist
346 silly fetchNamedPackageData url-join
347 silly mapToRegistry name url-join
348 silly mapToRegistry using default registry
349 silly mapToRegistry registry https://registry.npmjs.org/
350 silly mapToRegistry uri https://registry.npmjs.org/url-join
351 verbose request uri https://registry.npmjs.org/he
352 verbose request no auth needed
353 info attempt registry request try #1 at 11:11:14 AM
354 verbose etag "1WTPB4TGXXOCC8BWKTDQNOZHZ"
355 http request GET https://registry.npmjs.org/he
356 verbose request uri https://registry.npmjs.org/minimist
357 verbose request no auth needed
358 info attempt registry request try #1 at 11:11:14 AM
359 verbose etag "4KH4J10O4EBO8KRO8ASNRDRTO"
360 http request GET https://registry.npmjs.org/minimist
361 verbose request uri https://registry.npmjs.org/mime
362 verbose request no auth needed
363 info attempt registry request try #1 at 11:11:14 AM
364 verbose etag "8GD8T5CJD3667V697I5ZR9RYH"
365 http request GET https://registry.npmjs.org/mime
366 verbose request uri https://registry.npmjs.org/url-join
367 verbose request no auth needed
368 info attempt registry request try #1 at 11:11:14 AM
369 verbose etag "6VQ7VRDQQHK3DP4IUGQ54A1GN"
370 http request GET https://registry.npmjs.org/url-join
371 http 304 https://registry.npmjs.org/minimist
372 verbose headers { date: 'Tue, 12 Jan 2016 02:11:35 GMT',
372 verbose headers   via: '1.1 varnish',
372 verbose headers   'cache-control': 'max-age=300',
372 verbose headers   etag: '"4KH4J10O4EBO8KRO8ASNRDRTO"',
372 verbose headers   age: '92',
372 verbose headers   connection: 'keep-alive',
372 verbose headers   'x-served-by': 'cache-nrt6124-NRT',
372 verbose headers   'x-cache': 'HIT',
372 verbose headers   'x-cache-hits': '8',
372 verbose headers   'x-timer': 'S1452564695.629661,VS0,VE0',
372 verbose headers   vary: 'Accept' }
373 silly get cb [ 304,
373 silly get   { date: 'Tue, 12 Jan 2016 02:11:35 GMT',
373 silly get     via: '1.1 varnish',
373 silly get     'cache-control': 'max-age=300',
373 silly get     etag: '"4KH4J10O4EBO8KRO8ASNRDRTO"',
373 silly get     age: '92',
373 silly get     connection: 'keep-alive',
373 silly get     'x-served-by': 'cache-nrt6124-NRT',
373 silly get     'x-cache': 'HIT',
373 silly get     'x-cache-hits': '8',
373 silly get     'x-timer': 'S1452564695.629661,VS0,VE0',
373 silly get     vary: 'Accept' } ]
374 verbose etag https://registry.npmjs.org/minimist from cache
375 verbose get saving minimist to /home/lks21c/.npm/registry.npmjs.org/minimist/.cache.json
376 http 304 https://registry.npmjs.org/he
377 verbose headers { date: 'Tue, 12 Jan 2016 02:11:35 GMT',
377 verbose headers   via: '1.1 varnish',
377 verbose headers   'cache-control': 'max-age=300',
377 verbose headers   etag: '"1WTPB4TGXXOCC8BWKTDQNOZHZ"',
377 verbose headers   age: '38',
377 verbose headers   connection: 'keep-alive',
377 verbose headers   'x-served-by': 'cache-nrt6134-NRT',
377 verbose headers   'x-cache': 'HIT',
377 verbose headers   'x-cache-hits': '1',
377 verbose headers   'x-timer': 'S1452564695.624429,VS0,VE0',
377 verbose headers   vary: 'Accept' }
378 silly get cb [ 304,
378 silly get   { date: 'Tue, 12 Jan 2016 02:11:35 GMT',
378 silly get     via: '1.1 varnish',
378 silly get     'cache-control': 'max-age=300',
378 silly get     etag: '"1WTPB4TGXXOCC8BWKTDQNOZHZ"',
378 silly get     age: '38',
378 silly get     connection: 'keep-alive',
378 silly get     'x-served-by': 'cache-nrt6134-NRT',
378 silly get     'x-cache': 'HIT',
378 silly get     'x-cache-hits': '1',
378 silly get     'x-timer': 'S1452564695.624429,VS0,VE0',
378 silly get     vary: 'Accept' } ]
379 verbose etag https://registry.npmjs.org/he from cache
380 verbose get saving he to /home/lks21c/.npm/registry.npmjs.org/he/.cache.json
381 http 304 https://registry.npmjs.org/mime
382 verbose headers { date: 'Tue, 12 Jan 2016 02:11:35 GMT',
382 verbose headers   via: '1.1 varnish',
382 verbose headers   'cache-control': 'max-age=300',
382 verbose headers   etag: '"8GD8T5CJD3667V697I5ZR9RYH"',
382 verbose headers   age: '203',
382 verbose headers   connection: 'keep-alive',
382 verbose headers   'x-served-by': 'cache-nrt6124-NRT',
382 verbose headers   'x-cache': 'HIT',
382 verbose headers   'x-cache-hits': '10',
382 verbose headers   'x-timer': 'S1452564695.630109,VS0,VE0',
382 verbose headers   vary: 'Accept' }
383 silly get cb [ 304,
383 silly get   { date: 'Tue, 12 Jan 2016 02:11:35 GMT',
383 silly get     via: '1.1 varnish',
383 silly get     'cache-control': 'max-age=300',
383 silly get     etag: '"8GD8T5CJD3667V697I5ZR9RYH"',
383 silly get     age: '203',
383 silly get     connection: 'keep-alive',
383 silly get     'x-served-by': 'cache-nrt6124-NRT',
383 silly get     'x-cache': 'HIT',
383 silly get     'x-cache-hits': '10',
383 silly get     'x-timer': 'S1452564695.630109,VS0,VE0',
383 silly get     vary: 'Accept' } ]
384 verbose etag https://registry.npmjs.org/mime from cache
385 verbose get saving mime to /home/lks21c/.npm/registry.npmjs.org/mime/.cache.json
386 http 304 https://registry.npmjs.org/url-join
387 verbose headers { date: 'Tue, 12 Jan 2016 02:11:35 GMT',
387 verbose headers   via: '1.1 varnish',
387 verbose headers   'cache-control': 'max-age=300',
387 verbose headers   etag: '"6VQ7VRDQQHK3DP4IUGQ54A1GN"',
387 verbose headers   age: '92',
387 verbose headers   connection: 'keep-alive',
387 verbose headers   'x-served-by': 'cache-nrt6120-NRT',
387 verbose headers   'x-cache': 'HIT',
387 verbose headers   'x-cache-hits': '1',
387 verbose headers   'x-timer': 'S1452564695.633887,VS0,VE0',
387 verbose headers   vary: 'Accept' }
388 silly get cb [ 304,
388 silly get   { date: 'Tue, 12 Jan 2016 02:11:35 GMT',
388 silly get     via: '1.1 varnish',
388 silly get     'cache-control': 'max-age=300',
388 silly get     etag: '"6VQ7VRDQQHK3DP4IUGQ54A1GN"',
388 silly get     age: '92',
388 silly get     connection: 'keep-alive',
388 silly get     'x-served-by': 'cache-nrt6120-NRT',
388 silly get     'x-cache': 'HIT',
388 silly get     'x-cache-hits': '1',
388 silly get     'x-timer': 'S1452564695.633887,VS0,VE0',
388 silly get     vary: 'Accept' } ]
389 verbose etag https://registry.npmjs.org/url-join from cache
390 verbose get saving url-join to /home/lks21c/.npm/registry.npmjs.org/url-join/.cache.json
391 silly resolveWithNewModule minimist@1.2.0 checking installable status
392 silly cache add args [ 'minimist@^1.1.0', null ]
393 verbose cache add spec minimist@^1.1.0
394 silly cache add parsed spec Result {
394 silly cache add   raw: 'minimist@^1.1.0',
394 silly cache add   scope: null,
394 silly cache add   name: 'minimist',
394 silly cache add   rawSpec: '^1.1.0',
394 silly cache add   spec: '>=1.1.0 <2.0.0',
394 silly cache add   type: 'range' }
395 silly addNamed minimist@>=1.1.0 <2.0.0
396 verbose addNamed ">=1.1.0 <2.0.0" is a valid semver range for minimist
397 silly addNameRange { name: 'minimist', range: '>=1.1.0 <2.0.0', hasData: false }
398 silly mapToRegistry name minimist
399 silly mapToRegistry using default registry
400 silly mapToRegistry registry https://registry.npmjs.org/
401 silly mapToRegistry uri https://registry.npmjs.org/minimist
402 verbose addNameRange registry:https://registry.npmjs.org/minimist not in flight; fetching
403 silly resolveWithNewModule he@0.5.0 checking installable status
404 silly cache add args [ 'he@^0.5.0', null ]
405 verbose cache add spec he@^0.5.0
406 silly cache add parsed spec Result {
406 silly cache add   raw: 'he@^0.5.0',
406 silly cache add   scope: null,
406 silly cache add   name: 'he',
406 silly cache add   rawSpec: '^0.5.0',
406 silly cache add   spec: '>=0.5.0 <0.6.0',
406 silly cache add   type: 'range' }
407 silly addNamed he@>=0.5.0 <0.6.0
408 verbose addNamed ">=0.5.0 <0.6.0" is a valid semver range for he
409 silly addNameRange { name: 'he', range: '>=0.5.0 <0.6.0', hasData: false }
410 silly mapToRegistry name he
411 silly mapToRegistry using default registry
412 silly mapToRegistry registry https://registry.npmjs.org/
413 silly mapToRegistry uri https://registry.npmjs.org/he
414 verbose addNameRange registry:https://registry.npmjs.org/he not in flight; fetching
415 silly resolveWithNewModule url-join@0.0.1 checking installable status
416 silly cache add args [ 'url-join@0.0.1', null ]
417 verbose cache add spec url-join@0.0.1
418 silly cache add parsed spec Result {
418 silly cache add   raw: 'url-join@0.0.1',
418 silly cache add   scope: null,
418 silly cache add   name: 'url-join',
418 silly cache add   rawSpec: '0.0.1',
418 silly cache add   spec: '0.0.1',
418 silly cache add   type: 'version' }
419 silly addNamed url-join@0.0.1
420 verbose addNamed "0.0.1" is a plain semver version for url-join
421 silly mapToRegistry name url-join
422 silly mapToRegistry using default registry
423 silly mapToRegistry registry https://registry.npmjs.org/
424 silly mapToRegistry uri https://registry.npmjs.org/url-join
425 verbose addNameVersion registry:https://registry.npmjs.org/url-join not in flight; fetching
426 silly resolveWithNewModule mime@1.3.4 checking installable status
427 silly cache add args [ 'mime@^1.2.11', null ]
428 verbose cache add spec mime@^1.2.11
429 silly cache add parsed spec Result {
429 silly cache add   raw: 'mime@^1.2.11',
429 silly cache add   scope: null,
429 silly cache add   name: 'mime',
429 silly cache add   rawSpec: '^1.2.11',
429 silly cache add   spec: '>=1.2.11 <2.0.0',
429 silly cache add   type: 'range' }
430 silly addNamed mime@>=1.2.11 <2.0.0
431 verbose addNamed ">=1.2.11 <2.0.0" is a valid semver range for mime
432 silly addNameRange { name: 'mime', range: '>=1.2.11 <2.0.0', hasData: false }
433 silly mapToRegistry name mime
434 silly mapToRegistry using default registry
435 silly mapToRegistry registry https://registry.npmjs.org/
436 silly mapToRegistry uri https://registry.npmjs.org/mime
437 verbose addNameRange registry:https://registry.npmjs.org/mime not in flight; fetching
438 verbose get https://registry.npmjs.org/minimist not expired, no request
439 silly addNameRange number 2 { name: 'minimist', range: '>=1.1.0 <2.0.0', hasData: true }
440 silly addNameRange versions [ 'minimist',
440 silly addNameRange   [ '0.0.0',
440 silly addNameRange     '0.0.1',
440 silly addNameRange     '0.0.2',
440 silly addNameRange     '0.0.3',
440 silly addNameRange     '0.0.4',
440 silly addNameRange     '0.0.5',
440 silly addNameRange     '0.0.6',
440 silly addNameRange     '0.0.7',
440 silly addNameRange     '0.0.8',
440 silly addNameRange     '0.0.9',
440 silly addNameRange     '0.0.10',
440 silly addNameRange     '0.1.0',
440 silly addNameRange     '0.2.0',
440 silly addNameRange     '1.0.0',
440 silly addNameRange     '1.1.0',
440 silly addNameRange     '1.1.1',
440 silly addNameRange     '1.1.2',
440 silly addNameRange     '1.1.3',
440 silly addNameRange     '1.2.0' ] ]
441 silly addNamed minimist@1.2.0
442 verbose addNamed "1.2.0" is a plain semver version for minimist
443 verbose get https://registry.npmjs.org/he not expired, no request
444 silly addNameRange number 2 { name: 'he', range: '>=0.5.0 <0.6.0', hasData: true }
445 silly addNameRange versions [ 'he',
445 silly addNameRange   [ '0.1.0',
445 silly addNameRange     '0.1.1',
445 silly addNameRange     '0.1.2',
445 silly addNameRange     '0.1.3',
445 silly addNameRange     '0.1.4',
445 silly addNameRange     '0.1.5',
445 silly addNameRange     '0.1.6',
445 silly addNameRange     '0.1.7',
445 silly addNameRange     '0.1.8',
445 silly addNameRange     '0.1.9',
445 silly addNameRange     '0.1.10',
445 silly addNameRange     '0.2.0',
445 silly addNameRange     '0.2.1',
445 silly addNameRange     '0.3.0',
445 silly addNameRange     '0.3.1',
445 silly addNameRange     '0.3.2',
445 silly addNameRange     '0.3.3',
445 silly addNameRange     '0.3.4',
445 silly addNameRange     '0.3.5',
445 silly addNameRange     '0.3.6',
445 silly addNameRange     '0.4.0',
445 silly addNameRange     '0.4.1',
445 silly addNameRange     '0.5.0' ] ]
446 silly addNamed he@0.5.0
447 verbose addNamed "0.5.0" is a plain semver version for he
448 verbose get https://registry.npmjs.org/url-join not expired, no request
449 verbose get https://registry.npmjs.org/mime not expired, no request
450 silly addNameRange number 2 { name: 'mime', range: '>=1.2.11 <2.0.0', hasData: true }
451 silly addNameRange versions [ 'mime',
451 silly addNameRange   [ '1.0.0',
451 silly addNameRange     '1.1.0',
451 silly addNameRange     '1.2.1',
451 silly addNameRange     '1.2.2',
451 silly addNameRange     '1.2.3',
451 silly addNameRange     '1.2.4',
451 silly addNameRange     '1.2.5',
451 silly addNameRange     '1.2.6',
451 silly addNameRange     '1.2.7',
451 silly addNameRange     '1.2.8',
451 silly addNameRange     '1.2.9',
451 silly addNameRange     '1.2.10',
451 silly addNameRange     '1.2.11',
451 silly addNameRange     '1.3.0',
451 silly addNameRange     '1.3.2',
451 silly addNameRange     '1.3.3',
451 silly addNameRange     '1.3.4' ] ]
452 silly addNamed mime@1.3.4
453 verbose addNamed "1.3.4" is a plain semver version for mime
454 silly cache afterAdd minimist@1.2.0
455 verbose afterAdd /home/lks21c/.npm/minimist/1.2.0/package/package.json not in flight; writing
456 silly cache afterAdd url-join@0.0.1
457 verbose afterAdd /home/lks21c/.npm/url-join/0.0.1/package/package.json not in flight; writing
458 silly cache afterAdd he@0.5.0
459 verbose afterAdd /home/lks21c/.npm/he/0.5.0/package/package.json not in flight; writing
460 silly cache afterAdd mime@1.3.4
461 verbose afterAdd /home/lks21c/.npm/mime/1.3.4/package/package.json not in flight; writing
462 verbose afterAdd /home/lks21c/.npm/minimist/1.2.0/package/package.json written
463 verbose afterAdd /home/lks21c/.npm/url-join/0.0.1/package/package.json written
464 verbose afterAdd /home/lks21c/.npm/he/0.5.0/package/package.json written
465 verbose afterAdd /home/lks21c/.npm/mime/1.3.4/package/package.json written
466 silly fetchNamedPackageData eventemitter3
467 silly mapToRegistry name eventemitter3
468 silly mapToRegistry using default registry
469 silly mapToRegistry registry https://registry.npmjs.org/
470 silly mapToRegistry uri https://registry.npmjs.org/eventemitter3
471 silly fetchNamedPackageData requires-port
472 silly mapToRegistry name requires-port
473 silly mapToRegistry using default registry
474 silly mapToRegistry registry https://registry.npmjs.org/
475 silly mapToRegistry uri https://registry.npmjs.org/requires-port
476 verbose request uri https://registry.npmjs.org/requires-port
477 verbose request no auth needed
478 info attempt registry request try #1 at 11:11:14 AM
479 verbose etag "E0O0T58ME0HOXF1OX00AGM99O"
480 http request GET https://registry.npmjs.org/requires-port
481 verbose request uri https://registry.npmjs.org/eventemitter3
482 verbose request no auth needed
483 info attempt registry request try #1 at 11:11:14 AM
484 verbose etag "CY3X87ZM8DTAO4EGU81JUIWCU"
485 http request GET https://registry.npmjs.org/eventemitter3
486 http 304 https://registry.npmjs.org/requires-port
487 verbose headers { date: 'Tue, 12 Jan 2016 02:11:35 GMT',
487 verbose headers   via: '1.1 varnish',
487 verbose headers   'cache-control': 'max-age=300',
487 verbose headers   etag: '"E0O0T58ME0HOXF1OX00AGM99O"',
487 verbose headers   age: '209',
487 verbose headers   connection: 'keep-alive',
487 verbose headers   'x-served-by': 'cache-nrt6127-NRT',
487 verbose headers   'x-cache': 'HIT',
487 verbose headers   'x-cache-hits': '35',
487 verbose headers   'x-timer': 'S1452564695.772268,VS0,VE0',
487 verbose headers   vary: 'Accept' }
488 silly get cb [ 304,
488 silly get   { date: 'Tue, 12 Jan 2016 02:11:35 GMT',
488 silly get     via: '1.1 varnish',
488 silly get     'cache-control': 'max-age=300',
488 silly get     etag: '"E0O0T58ME0HOXF1OX00AGM99O"',
488 silly get     age: '209',
488 silly get     connection: 'keep-alive',
488 silly get     'x-served-by': 'cache-nrt6127-NRT',
488 silly get     'x-cache': 'HIT',
488 silly get     'x-cache-hits': '35',
488 silly get     'x-timer': 'S1452564695.772268,VS0,VE0',
488 silly get     vary: 'Accept' } ]
489 verbose etag https://registry.npmjs.org/requires-port from cache
490 verbose get saving requires-port to /home/lks21c/.npm/registry.npmjs.org/requires-port/.cache.json
491 http 304 https://registry.npmjs.org/eventemitter3
492 verbose headers { date: 'Tue, 12 Jan 2016 02:11:35 GMT',
492 verbose headers   via: '1.1 varnish',
492 verbose headers   'cache-control': 'max-age=300',
492 verbose headers   etag: '"CY3X87ZM8DTAO4EGU81JUIWCU"',
492 verbose headers   age: '209',
492 verbose headers   connection: 'keep-alive',
492 verbose headers   'x-served-by': 'cache-nrt6125-NRT',
492 verbose headers   'x-cache': 'HIT',
492 verbose headers   'x-cache-hits': '2',
492 verbose headers   'x-timer': 'S1452564695.777958,VS0,VE0',
492 verbose headers   vary: 'Accept' }
493 silly get cb [ 304,
493 silly get   { date: 'Tue, 12 Jan 2016 02:11:35 GMT',
493 silly get     via: '1.1 varnish',
493 silly get     'cache-control': 'max-age=300',
493 silly get     etag: '"CY3X87ZM8DTAO4EGU81JUIWCU"',
493 silly get     age: '209',
493 silly get     connection: 'keep-alive',
493 silly get     'x-served-by': 'cache-nrt6125-NRT',
493 silly get     'x-cache': 'HIT',
493 silly get     'x-cache-hits': '2',
493 silly get     'x-timer': 'S1452564695.777958,VS0,VE0',
493 silly get     vary: 'Accept' } ]
494 verbose etag https://registry.npmjs.org/eventemitter3 from cache
495 verbose get saving eventemitter3 to /home/lks21c/.npm/registry.npmjs.org/eventemitter3/.cache.json
496 silly resolveWithNewModule requires-port@0.0.1 checking installable status
497 silly cache add args [ 'requires-port@0.x.x', null ]
498 verbose cache add spec requires-port@0.x.x
499 silly cache add parsed spec Result {
499 silly cache add   raw: 'requires-port@0.x.x',
499 silly cache add   scope: null,
499 silly cache add   name: 'requires-port',
499 silly cache add   rawSpec: '0.x.x',
499 silly cache add   spec: '>=0.0.0 <1.0.0',
499 silly cache add   type: 'range' }
500 silly addNamed requires-port@>=0.0.0 <1.0.0
501 verbose addNamed ">=0.0.0 <1.0.0" is a valid semver range for requires-port
502 silly addNameRange { name: 'requires-port',
502 silly addNameRange   range: '>=0.0.0 <1.0.0',
502 silly addNameRange   hasData: false }
503 silly mapToRegistry name requires-port
504 silly mapToRegistry using default registry
505 silly mapToRegistry registry https://registry.npmjs.org/
506 silly mapToRegistry uri https://registry.npmjs.org/requires-port
507 verbose addNameRange registry:https://registry.npmjs.org/requires-port not in flight; fetching
508 silly resolveWithNewModule eventemitter3@1.1.1 checking installable status
509 silly cache add args [ 'eventemitter3@1.x.x', null ]
510 verbose cache add spec eventemitter3@1.x.x
511 silly cache add parsed spec Result {
511 silly cache add   raw: 'eventemitter3@1.x.x',
511 silly cache add   scope: null,
511 silly cache add   name: 'eventemitter3',
511 silly cache add   rawSpec: '1.x.x',
511 silly cache add   spec: '>=1.0.0 <2.0.0',
511 silly cache add   type: 'range' }
512 silly addNamed eventemitter3@>=1.0.0 <2.0.0
513 verbose addNamed ">=1.0.0 <2.0.0" is a valid semver range for eventemitter3
514 silly addNameRange { name: 'eventemitter3',
514 silly addNameRange   range: '>=1.0.0 <2.0.0',
514 silly addNameRange   hasData: false }
515 silly mapToRegistry name eventemitter3
516 silly mapToRegistry using default registry
517 silly mapToRegistry registry https://registry.npmjs.org/
518 silly mapToRegistry uri https://registry.npmjs.org/eventemitter3
519 verbose addNameRange registry:https://registry.npmjs.org/eventemitter3 not in flight; fetching
520 verbose get https://registry.npmjs.org/requires-port not expired, no request
521 silly addNameRange number 2 { name: 'requires-port', range: '>=0.0.0 <1.0.0', hasData: true }
522 silly addNameRange versions [ 'requires-port', [ '0.0.0', '0.0.1', '1.0.0' ] ]
523 silly addNamed requires-port@0.0.1
524 verbose addNamed "0.0.1" is a plain semver version for requires-port
525 verbose get https://registry.npmjs.org/eventemitter3 not expired, no request
526 silly addNameRange number 2 { name: 'eventemitter3', range: '>=1.0.0 <2.0.0', hasData: true }
527 silly addNameRange versions [ 'eventemitter3',
527 silly addNameRange   [ '0.0.0',
527 silly addNameRange     '0.0.1',
527 silly addNameRange     '0.1.0',
527 silly addNameRange     '0.1.1',
527 silly addNameRange     '0.1.2',
527 silly addNameRange     '0.1.3',
527 silly addNameRange     '0.1.4',
527 silly addNameRange     '0.1.5',
527 silly addNameRange     '0.1.6',
527 silly addNameRange     '1.0.0',
527 silly addNameRange     '1.0.1',
527 silly addNameRange     '1.0.2',
527 silly addNameRange     '1.0.3',
527 silly addNameRange     '1.1.0',
527 silly addNameRange     '1.1.1' ] ]
528 silly addNamed eventemitter3@1.1.1
529 verbose addNamed "1.1.1" is a plain semver version for eventemitter3
530 silly cache afterAdd requires-port@0.0.1
531 verbose afterAdd /home/lks21c/.npm/requires-port/0.0.1/package/package.json not in flight; writing
532 silly cache afterAdd eventemitter3@1.1.1
533 verbose afterAdd /home/lks21c/.npm/eventemitter3/1.1.1/package/package.json not in flight; writing
534 verbose afterAdd /home/lks21c/.npm/eventemitter3/1.1.1/package/package.json written
535 verbose afterAdd /home/lks21c/.npm/requires-port/0.0.1/package/package.json written
536 silly fetchNamedPackageData wordwrap
537 silly mapToRegistry name wordwrap
538 silly mapToRegistry using default registry
539 silly mapToRegistry registry https://registry.npmjs.org/
540 silly mapToRegistry uri https://registry.npmjs.org/wordwrap
541 silly fetchNamedPackageData minimist
542 silly mapToRegistry name minimist
543 silly mapToRegistry using default registry
544 silly mapToRegistry registry https://registry.npmjs.org/
545 silly mapToRegistry uri https://registry.npmjs.org/minimist
546 silly resolveWithNewModule minimist@0.0.10 checking installable status
547 silly cache add args [ 'minimist@~0.0.1', null ]
548 verbose cache add spec minimist@~0.0.1
549 silly cache add parsed spec Result {
549 silly cache add   raw: 'minimist@~0.0.1',
549 silly cache add   scope: null,
549 silly cache add   name: 'minimist',
549 silly cache add   rawSpec: '~0.0.1',
549 silly cache add   spec: '>=0.0.1 <0.1.0',
549 silly cache add   type: 'range' }
550 silly addNamed minimist@>=0.0.1 <0.1.0
551 verbose addNamed ">=0.0.1 <0.1.0" is a valid semver range for minimist
552 silly addNameRange { name: 'minimist', range: '>=0.0.1 <0.1.0', hasData: false }
553 silly mapToRegistry name minimist
554 silly mapToRegistry using default registry
555 silly mapToRegistry registry https://registry.npmjs.org/
556 silly mapToRegistry uri https://registry.npmjs.org/minimist
557 verbose addNameRange registry:https://registry.npmjs.org/minimist not in flight; fetching
558 verbose request uri https://registry.npmjs.org/wordwrap
559 verbose request no auth needed
560 info attempt registry request try #1 at 11:11:14 AM
561 verbose etag "73LBTAP4GYYX0WY7YM3IQ89SJ"
562 http request GET https://registry.npmjs.org/wordwrap
563 verbose get https://registry.npmjs.org/minimist not expired, no request
564 silly addNameRange number 2 { name: 'minimist', range: '>=0.0.1 <0.1.0', hasData: true }
565 silly addNameRange versions [ 'minimist',
565 silly addNameRange   [ '0.0.0',
565 silly addNameRange     '0.0.1',
565 silly addNameRange     '0.0.2',
565 silly addNameRange     '0.0.3',
565 silly addNameRange     '0.0.4',
565 silly addNameRange     '0.0.5',
565 silly addNameRange     '0.0.6',
565 silly addNameRange     '0.0.7',
565 silly addNameRange     '0.0.8',
565 silly addNameRange     '0.0.9',
565 silly addNameRange     '0.0.10',
565 silly addNameRange     '0.1.0',
565 silly addNameRange     '0.2.0',
565 silly addNameRange     '1.0.0',
565 silly addNameRange     '1.1.0',
565 silly addNameRange     '1.1.1',
565 silly addNameRange     '1.1.2',
565 silly addNameRange     '1.1.3',
565 silly addNameRange     '1.2.0' ] ]
566 silly addNamed minimist@0.0.10
567 verbose addNamed "0.0.10" is a plain semver version for minimist
568 silly cache afterAdd minimist@0.0.10
569 verbose afterAdd /home/lks21c/.npm/minimist/0.0.10/package/package.json not in flight; writing
570 verbose afterAdd /home/lks21c/.npm/minimist/0.0.10/package/package.json written
571 http 304 https://registry.npmjs.org/wordwrap
572 verbose headers { date: 'Tue, 12 Jan 2016 02:11:35 GMT',
572 verbose headers   via: '1.1 varnish',
572 verbose headers   'cache-control': 'max-age=60',
572 verbose headers   etag: '"73LBTAP4GYYX0WY7YM3IQ89SJ"',
572 verbose headers   age: '35',
572 verbose headers   connection: 'keep-alive',
572 verbose headers   'x-served-by': 'cache-nrt6131-NRT',
572 verbose headers   'x-cache': 'HIT',
572 verbose headers   'x-cache-hits': '4',
572 verbose headers   'x-timer': 'S1452564695.929030,VS0,VE0',
572 verbose headers   vary: 'Accept' }
573 silly get cb [ 304,
573 silly get   { date: 'Tue, 12 Jan 2016 02:11:35 GMT',
573 silly get     via: '1.1 varnish',
573 silly get     'cache-control': 'max-age=60',
573 silly get     etag: '"73LBTAP4GYYX0WY7YM3IQ89SJ"',
573 silly get     age: '35',
573 silly get     connection: 'keep-alive',
573 silly get     'x-served-by': 'cache-nrt6131-NRT',
573 silly get     'x-cache': 'HIT',
573 silly get     'x-cache-hits': '4',
573 silly get     'x-timer': 'S1452564695.929030,VS0,VE0',
573 silly get     vary: 'Accept' } ]
574 verbose etag https://registry.npmjs.org/wordwrap from cache
575 verbose get saving wordwrap to /home/lks21c/.npm/registry.npmjs.org/wordwrap/.cache.json
576 silly resolveWithNewModule wordwrap@0.0.3 checking installable status
577 silly cache add args [ 'wordwrap@~0.0.2', null ]
578 verbose cache add spec wordwrap@~0.0.2
579 silly cache add parsed spec Result {
579 silly cache add   raw: 'wordwrap@~0.0.2',
579 silly cache add   scope: null,
579 silly cache add   name: 'wordwrap',
579 silly cache add   rawSpec: '~0.0.2',
579 silly cache add   spec: '>=0.0.2 <0.1.0',
579 silly cache add   type: 'range' }
580 silly addNamed wordwrap@>=0.0.2 <0.1.0
581 verbose addNamed ">=0.0.2 <0.1.0" is a valid semver range for wordwrap
582 silly addNameRange { name: 'wordwrap', range: '>=0.0.2 <0.1.0', hasData: false }
583 silly mapToRegistry name wordwrap
584 silly mapToRegistry using default registry
585 silly mapToRegistry registry https://registry.npmjs.org/
586 silly mapToRegistry uri https://registry.npmjs.org/wordwrap
587 verbose addNameRange registry:https://registry.npmjs.org/wordwrap not in flight; fetching
588 verbose get https://registry.npmjs.org/wordwrap not expired, no request
589 silly addNameRange number 2 { name: 'wordwrap', range: '>=0.0.2 <0.1.0', hasData: true }
590 silly addNameRange versions [ 'wordwrap', [ '0.0.1', '0.0.2', '0.0.3', '1.0.0' ] ]
591 silly addNamed wordwrap@0.0.3
592 verbose addNamed "0.0.3" is a plain semver version for wordwrap
593 silly cache afterAdd wordwrap@0.0.3
594 verbose afterAdd /home/lks21c/.npm/wordwrap/0.0.3/package/package.json not in flight; writing
595 verbose afterAdd /home/lks21c/.npm/wordwrap/0.0.3/package/package.json written
596 silly fetchNamedPackageData async
597 silly mapToRegistry name async
598 silly mapToRegistry using default registry
599 silly mapToRegistry registry https://registry.npmjs.org/
600 silly mapToRegistry uri https://registry.npmjs.org/async
601 silly fetchNamedPackageData mkdirp
602 silly mapToRegistry name mkdirp
603 silly mapToRegistry using default registry
604 silly mapToRegistry registry https://registry.npmjs.org/
605 silly mapToRegistry uri https://registry.npmjs.org/mkdirp
606 verbose request uri https://registry.npmjs.org/async
607 verbose request no auth needed
608 info attempt registry request try #1 at 11:11:15 AM
609 verbose etag "C93PT65EQX5R6O8H6PYGCQRHL"
610 http request GET https://registry.npmjs.org/async
611 verbose request uri https://registry.npmjs.org/mkdirp
612 verbose request no auth needed
613 info attempt registry request try #1 at 11:11:15 AM
614 verbose etag "8FKW89EYVQC2LQDLSWGV8OEO2"
615 http request GET https://registry.npmjs.org/mkdirp
616 http 304 https://registry.npmjs.org/async
617 verbose headers { date: 'Tue, 12 Jan 2016 02:11:36 GMT',
617 verbose headers   via: '1.1 varnish',
617 verbose headers   'cache-control': 'max-age=300',
617 verbose headers   etag: '"C93PT65EQX5R6O8H6PYGCQRHL"',
617 verbose headers   age: '172',
617 verbose headers   connection: 'keep-alive',
617 verbose headers   'x-served-by': 'cache-nrt6133-NRT',
617 verbose headers   'x-cache': 'HIT',
617 verbose headers   'x-cache-hits': '11',
617 verbose headers   'x-timer': 'S1452564696.040752,VS0,VE0',
617 verbose headers   vary: 'Accept' }
618 silly get cb [ 304,
618 silly get   { date: 'Tue, 12 Jan 2016 02:11:36 GMT',
618 silly get     via: '1.1 varnish',
618 silly get     'cache-control': 'max-age=300',
618 silly get     etag: '"C93PT65EQX5R6O8H6PYGCQRHL"',
618 silly get     age: '172',
618 silly get     connection: 'keep-alive',
618 silly get     'x-served-by': 'cache-nrt6133-NRT',
618 silly get     'x-cache': 'HIT',
618 silly get     'x-cache-hits': '11',
618 silly get     'x-timer': 'S1452564696.040752,VS0,VE0',
618 silly get     vary: 'Accept' } ]
619 verbose etag https://registry.npmjs.org/async from cache
620 verbose get saving async to /home/lks21c/.npm/registry.npmjs.org/async/.cache.json
621 http 304 https://registry.npmjs.org/mkdirp
622 verbose headers { date: 'Tue, 12 Jan 2016 02:11:36 GMT',
622 verbose headers   via: '1.1 varnish',
622 verbose headers   'cache-control': 'max-age=300',
622 verbose headers   etag: '"8FKW89EYVQC2LQDLSWGV8OEO2"',
622 verbose headers   age: '33',
622 verbose headers   connection: 'keep-alive',
622 verbose headers   'x-served-by': 'cache-nrt6132-NRT',
622 verbose headers   'x-cache': 'HIT',
622 verbose headers   'x-cache-hits': '8',
622 verbose headers   'x-timer': 'S1452564696.033252,VS0,VE0',
622 verbose headers   vary: 'Accept' }
623 silly get cb [ 304,
623 silly get   { date: 'Tue, 12 Jan 2016 02:11:36 GMT',
623 silly get     via: '1.1 varnish',
623 silly get     'cache-control': 'max-age=300',
623 silly get     etag: '"8FKW89EYVQC2LQDLSWGV8OEO2"',
623 silly get     age: '33',
623 silly get     connection: 'keep-alive',
623 silly get     'x-served-by': 'cache-nrt6132-NRT',
623 silly get     'x-cache': 'HIT',
623 silly get     'x-cache-hits': '8',
623 silly get     'x-timer': 'S1452564696.033252,VS0,VE0',
623 silly get     vary: 'Accept' } ]
624 verbose etag https://registry.npmjs.org/mkdirp from cache
625 verbose get saving mkdirp to /home/lks21c/.npm/registry.npmjs.org/mkdirp/.cache.json
626 silly resolveWithNewModule mkdirp@0.5.1 checking installable status
627 silly cache add args [ 'mkdirp@0.5.x', null ]
628 verbose cache add spec mkdirp@0.5.x
629 silly cache add parsed spec Result {
629 silly cache add   raw: 'mkdirp@0.5.x',
629 silly cache add   scope: null,
629 silly cache add   name: 'mkdirp',
629 silly cache add   rawSpec: '0.5.x',
629 silly cache add   spec: '>=0.5.0 <0.6.0',
629 silly cache add   type: 'range' }
630 silly addNamed mkdirp@>=0.5.0 <0.6.0
631 verbose addNamed ">=0.5.0 <0.6.0" is a valid semver range for mkdirp
632 silly addNameRange { name: 'mkdirp', range: '>=0.5.0 <0.6.0', hasData: false }
633 silly mapToRegistry name mkdirp
634 silly mapToRegistry using default registry
635 silly mapToRegistry registry https://registry.npmjs.org/
636 silly mapToRegistry uri https://registry.npmjs.org/mkdirp
637 verbose addNameRange registry:https://registry.npmjs.org/mkdirp not in flight; fetching
638 silly resolveWithNewModule async@0.9.0 checking installable status
639 silly cache add args [ 'async@0.9.0', null ]
640 verbose cache add spec async@0.9.0
641 silly cache add parsed spec Result {
641 silly cache add   raw: 'async@0.9.0',
641 silly cache add   scope: null,
641 silly cache add   name: 'async',
641 silly cache add   rawSpec: '0.9.0',
641 silly cache add   spec: '0.9.0',
641 silly cache add   type: 'version' }
642 silly addNamed async@0.9.0
643 verbose addNamed "0.9.0" is a plain semver version for async
644 silly mapToRegistry name async
645 silly mapToRegistry using default registry
646 silly mapToRegistry registry https://registry.npmjs.org/
647 silly mapToRegistry uri https://registry.npmjs.org/async
648 verbose addNameVersion registry:https://registry.npmjs.org/async not in flight; fetching
649 verbose get https://registry.npmjs.org/mkdirp not expired, no request
650 silly addNameRange number 2 { name: 'mkdirp', range: '>=0.5.0 <0.6.0', hasData: true }
651 silly addNameRange versions [ 'mkdirp',
651 silly addNameRange   [ '0.0.1',
651 silly addNameRange     '0.0.2',
651 silly addNameRange     '0.0.3',
651 silly addNameRange     '0.0.4',
651 silly addNameRange     '0.0.5',
651 silly addNameRange     '0.0.6',
651 silly addNameRange     '0.0.7',
651 silly addNameRange     '0.1.0',
651 silly addNameRange     '0.2.0',
651 silly addNameRange     '0.2.1',
651 silly addNameRange     '0.2.2',
651 silly addNameRange     '0.3.0',
651 silly addNameRange     '0.3.1',
651 silly addNameRange     '0.3.2',
651 silly addNameRange     '0.3.3',
651 silly addNameRange     '0.3.4',
651 silly addNameRange     '0.3.5',
651 silly addNameRange     '0.4.0',
651 silly addNameRange     '0.4.1',
651 silly addNameRange     '0.4.2',
651 silly addNameRange     '0.5.0',
651 silly addNameRange     '0.5.1' ] ]
652 silly addNamed mkdirp@0.5.1
653 verbose addNamed "0.5.1" is a plain semver version for mkdirp
654 verbose get https://registry.npmjs.org/async not expired, no request
655 silly cache afterAdd mkdirp@0.5.1
656 verbose afterAdd /home/lks21c/.npm/mkdirp/0.5.1/package/package.json not in flight; writing
657 silly cache afterAdd async@0.9.0
658 verbose afterAdd /home/lks21c/.npm/async/0.9.0/package/package.json not in flight; writing
659 verbose afterAdd /home/lks21c/.npm/mkdirp/0.5.1/package/package.json written
660 verbose afterAdd /home/lks21c/.npm/async/0.9.0/package/package.json written
661 silly fetchNamedPackageData minimist
662 silly mapToRegistry name minimist
663 silly mapToRegistry using default registry
664 silly mapToRegistry registry https://registry.npmjs.org/
665 silly mapToRegistry uri https://registry.npmjs.org/minimist
666 silly resolveWithNewModule minimist@0.0.8 checking installable status
667 silly cache add args [ 'minimist@0.0.8', null ]
668 verbose cache add spec minimist@0.0.8
669 silly cache add parsed spec Result {
669 silly cache add   raw: 'minimist@0.0.8',
669 silly cache add   scope: null,
669 silly cache add   name: 'minimist',
669 silly cache add   rawSpec: '0.0.8',
669 silly cache add   spec: '0.0.8',
669 silly cache add   type: 'version' }
670 silly addNamed minimist@0.0.8
671 verbose addNamed "0.0.8" is a plain semver version for minimist
672 silly mapToRegistry name minimist
673 silly mapToRegistry using default registry
674 silly mapToRegistry registry https://registry.npmjs.org/
675 silly mapToRegistry uri https://registry.npmjs.org/minimist
676 verbose addNameVersion registry:https://registry.npmjs.org/minimist not in flight; fetching
677 verbose get https://registry.npmjs.org/minimist not expired, no request
678 silly cache afterAdd minimist@0.0.8
679 verbose afterAdd /home/lks21c/.npm/minimist/0.0.8/package/package.json not in flight; writing
680 verbose afterAdd /home/lks21c/.npm/minimist/0.0.8/package/package.json written
681 silly fetchNamedPackageData qs
682 silly mapToRegistry name qs
683 silly mapToRegistry using default registry
684 silly mapToRegistry registry https://registry.npmjs.org/
685 silly mapToRegistry uri https://registry.npmjs.org/qs
686 verbose request uri https://registry.npmjs.org/qs
687 verbose request no auth needed
688 info attempt registry request try #1 at 11:11:15 AM
689 verbose etag "7SK8HVAU0599N4EBS28C9VCVX"
690 http request GET https://registry.npmjs.org/qs
691 http 304 https://registry.npmjs.org/qs
692 verbose headers { date: 'Tue, 12 Jan 2016 02:11:36 GMT',
692 verbose headers   via: '1.1 varnish',
692 verbose headers   'cache-control': 'max-age=300',
692 verbose headers   etag: '"7SK8HVAU0599N4EBS28C9VCVX"',
692 verbose headers   age: '167',
692 verbose headers   connection: 'keep-alive',
692 verbose headers   'x-served-by': 'cache-nrt6121-NRT',
692 verbose headers   'x-cache': 'HIT',
692 verbose headers   'x-cache-hits': '9',
692 verbose headers   'x-timer': 'S1452564696.185516,VS0,VE0',
692 verbose headers   vary: 'Accept' }
693 silly get cb [ 304,
693 silly get   { date: 'Tue, 12 Jan 2016 02:11:36 GMT',
693 silly get     via: '1.1 varnish',
693 silly get     'cache-control': 'max-age=300',
693 silly get     etag: '"7SK8HVAU0599N4EBS28C9VCVX"',
693 silly get     age: '167',
693 silly get     connection: 'keep-alive',
693 silly get     'x-served-by': 'cache-nrt6121-NRT',
693 silly get     'x-cache': 'HIT',
693 silly get     'x-cache-hits': '9',
693 silly get     'x-timer': 'S1452564696.185516,VS0,VE0',
693 silly get     vary: 'Accept' } ]
694 verbose etag https://registry.npmjs.org/qs from cache
695 verbose get saving qs to /home/lks21c/.npm/registry.npmjs.org/qs/.cache.json
696 silly resolveWithNewModule qs@2.3.3 checking installable status
697 silly cache add args [ 'qs@~2.3.3', null ]
698 verbose cache add spec qs@~2.3.3
699 silly cache add parsed spec Result {
699 silly cache add   raw: 'qs@~2.3.3',
699 silly cache add   scope: null,
699 silly cache add   name: 'qs',
699 silly cache add   rawSpec: '~2.3.3',
699 silly cache add   spec: '>=2.3.3 <2.4.0',
699 silly cache add   type: 'range' }
700 silly addNamed qs@>=2.3.3 <2.4.0
701 verbose addNamed ">=2.3.3 <2.4.0" is a valid semver range for qs
702 silly addNameRange { name: 'qs', range: '>=2.3.3 <2.4.0', hasData: false }
703 silly mapToRegistry name qs
704 silly mapToRegistry using default registry
705 silly mapToRegistry registry https://registry.npmjs.org/
706 silly mapToRegistry uri https://registry.npmjs.org/qs
707 verbose addNameRange registry:https://registry.npmjs.org/qs not in flight; fetching
708 verbose get https://registry.npmjs.org/qs not expired, no request
709 silly addNameRange number 2 { name: 'qs', range: '>=2.3.3 <2.4.0', hasData: true }
710 silly addNameRange versions [ 'qs',
710 silly addNameRange   [ '0.0.1',
710 silly addNameRange     '0.0.2',
710 silly addNameRange     '0.0.3',
710 silly addNameRange     '0.0.4',
710 silly addNameRange     '0.0.5',
710 silly addNameRange     '0.0.6',
710 silly addNameRange     '0.0.7',
710 silly addNameRange     '0.1.0',
710 silly addNameRange     '0.2.0',
710 silly addNameRange     '0.3.0',
710 silly addNameRange     '0.3.1',
710 silly addNameRange     '0.3.2',
710 silly addNameRange     '0.4.0',
710 silly addNameRange     '0.4.1',
710 silly addNameRange     '0.4.2',
710 silly addNameRange     '0.5.0',
710 silly addNameRange     '0.5.1',
710 silly addNameRange     '0.5.2',
710 silly addNameRange     '0.5.3',
710 silly addNameRange     '0.5.4',
710 silly addNameRange     '0.5.5',
710 silly addNameRange     '0.5.6',
710 silly addNameRange     '0.6.0',
710 silly addNameRange     '0.6.1',
710 silly addNameRange     '0.6.2',
710 silly addNameRange     '0.6.3',
710 silly addNameRange     '0.6.4',
710 silly addNameRange     '0.6.5',
710 silly addNameRange     '0.6.6',
710 silly addNameRange     '1.0.0',
710 silly addNameRange     '1.0.1',
710 silly addNameRange     '1.0.2',
710 silly addNameRange     '1.1.0',
710 silly addNameRange     '1.2.0',
710 silly addNameRange     '1.2.1',
710 silly addNameRange     '1.2.2',
710 silly addNameRange     '2.0.0',
710 silly addNameRange     '2.1.0',
710 silly addNameRange     '2.2.0',
710 silly addNameRange     '2.2.1',
710 silly addNameRange     '2.2.2',
710 silly addNameRange     '2.2.3',
710 silly addNameRange     '2.2.4',
710 silly addNameRange     '2.2.5',
710 silly addNameRange     '2.3.0',
710 silly addNameRange     '2.3.1',
710 silly addNameRange     '2.3.2',
710 silly addNameRange     '2.3.3',
710 silly addNameRange     '2.4.0',
710 silly addNameRange     '2.4.1',
710 silly addNameRange     '2.4.2',
710 silly addNameRange     '3.0.0',
710 silly addNameRange     '3.1.0',
710 silly addNameRange     '4.0.0',
710 silly addNameRange     '5.0.0',
710 silly addNameRange     '5.1.0',
710 silly addNameRange     '5.2.0',
710 silly addNameRange     '6.0.0',
710 silly addNameRange     '6.0.1' ] ]
711 silly addNamed qs@2.3.3
712 verbose addNamed "2.3.3" is a plain semver version for qs
713 silly cache afterAdd qs@2.3.3
714 verbose afterAdd /home/lks21c/.npm/qs/2.3.3/package/package.json not in flight; writing
715 verbose afterAdd /home/lks21c/.npm/qs/2.3.3/package/package.json written
716 silly loadAllDepsIntoIdealTree Finishing
717 silly idealTree:prePrune lib
717 silly idealTree:prePrune  http-server@0.8.5
717 silly idealTree:prePrune    async@0.9.0
717 silly idealTree:prePrune    colors@1.0.3
717 silly idealTree:prePrune    corser@2.0.0
717 silly idealTree:prePrune    ecstatic@0.7.6
717 silly idealTree:prePrune    eventemitter3@1.1.1
717 silly idealTree:prePrune    he@0.5.0
717 silly idealTree:prePrune    http-proxy@1.12.0
717 silly idealTree:prePrune    mime@1.3.4
717 silly idealTree:prePrune    minimist@1.2.0
717 silly idealTree:prePrune    mkdirp@0.5.1
717 silly idealTree:prePrune     minimist@0.0.8
717 silly idealTree:prePrune    opener@1.4.1
717 silly idealTree:prePrune    optimist@0.6.1
717 silly idealTree:prePrune     minimist@0.0.10
717 silly idealTree:prePrune    portfinder@0.4.0
717 silly idealTree:prePrune    qs@2.3.3
717 silly idealTree:prePrune    requires-port@0.0.1
717 silly idealTree:prePrune    union@0.4.4
717 silly idealTree:prePrune    url-join@0.0.1
717 silly idealTree:prePrune    wordwrap@0.0.3
718 silly loadIdealTree Finishing
719 silly currentTree lib
719 silly currentTree  http-server@0.8.5
719 silly currentTree    async@0.9.0
719 silly currentTree    colors@1.0.3
719 silly currentTree    corser@2.0.0
719 silly currentTree    ecstatic@0.7.6
719 silly currentTree    eventemitter3@1.1.1
719 silly currentTree    he@0.5.0
719 silly currentTree    http-proxy@1.12.0
719 silly currentTree    mime@1.3.4
719 silly currentTree    minimist@1.2.0
719 silly currentTree    mkdirp@0.5.1
719 silly currentTree     minimist@0.0.8
719 silly currentTree    opener@1.4.1
719 silly currentTree    optimist@0.6.1
719 silly currentTree     minimist@0.0.10
719 silly currentTree    portfinder@0.4.0
719 silly currentTree    qs@2.3.3
719 silly currentTree    requires-port@0.0.1
719 silly currentTree    union@0.4.4
719 silly currentTree    url-join@0.0.1
719 silly currentTree    wordwrap@0.0.3
720 silly idealTree lib
720 silly idealTree  http-server@0.8.5
720 silly idealTree    async@0.9.0
720 silly idealTree    colors@1.0.3
720 silly idealTree    corser@2.0.0
720 silly idealTree    ecstatic@0.7.6
720 silly idealTree    eventemitter3@1.1.1
720 silly idealTree    he@0.5.0
720 silly idealTree    http-proxy@1.12.0
720 silly idealTree    mime@1.3.4
720 silly idealTree    minimist@1.2.0
720 silly idealTree    mkdirp@0.5.1
720 silly idealTree     minimist@0.0.8
720 silly idealTree    opener@1.4.1
720 silly idealTree    optimist@0.6.1
720 silly idealTree     minimist@0.0.10
720 silly idealTree    portfinder@0.4.0
720 silly idealTree    qs@2.3.3
720 silly idealTree    requires-port@0.0.1
720 silly idealTree    union@0.4.4
720 silly idealTree    url-join@0.0.1
720 silly idealTree    wordwrap@0.0.3
721 silly generateActionsToTake Starting
722 silly install generateActionsToTake
723 warn checkPermissions Missing write access to /usr/local/node-v5.3.0-linux-x64/lib/node_modules/http-server
724 warn checkPermissions Missing write access to /usr/local/node-v5.3.0-linux-x64/lib/node_modules
725 silly rollbackFailedOptional Starting
726 silly rollbackFailedOptional Finishing
727 silly runTopLevelLifecycles Starting
728 silly runTopLevelLifecycles Finishing
729 silly install printInstalled
730 verbose stack Error: EACCES: permission denied, access '/usr/local/node-v5.3.0-linux-x64/lib/node_modules/http-server'
730 verbose stack     at Error (native)
731 verbose cwd /extended/repo/swagger-ui/dist
732 error Linux 3.13.0-74-generic
733 error argv "/usr/local/node-v5.3.0-linux-x64/bin/node" "/usr/bin/npm" "install" "-g" "http-server"
734 error node v5.3.0
735 error npm  v3.3.12
736 error path /usr/local/node-v5.3.0-linux-x64/lib/node_modules/http-server
737 error code EACCES
738 error errno -13
739 error syscall access
740 error Error: EACCES: permission denied, access '/usr/local/node-v5.3.0-linux-x64/lib/node_modules/http-server'
740 error     at Error (native)
740 error  { [Error: EACCES: permission denied, access '/usr/local/node-v5.3.0-linux-x64/lib/node_modules/http-server']
740 error   errno: -13,
740 error   code: 'EACCES',
740 error   syscall: 'access',
740 error   path: '/usr/local/node-v5.3.0-linux-x64/lib/node_modules/http-server' }
741 error Please try running this command again as root/Administrator.
742 verbose exit [ -13, true ]
